[2026-03-17 09:46:34,245] [INFO] Automation environment initialized successfully
[2026-03-17 09:46:34,246] [WARNING] Using placeholder credentials. Login will likely fail.
[2026-03-17 09:46:34,246] [INFO] Starting Playwright...
[2026-03-17 09:46:35,940] [INFO] Navigating to login page...
[2026-03-17 09:46:43,119] [INFO] Waiting for login fields...
[2026-03-17 09:46:43,167] [INFO] Filling credentials...
[2026-03-17 09:46:43,217] [INFO] Clicking login button...
[2026-03-17 09:46:43,303] [INFO] Waiting for navigation to dashboard...
[2026-03-17 09:46:44,825] [INFO] Login successful
[2026-03-17 09:50:55,862] [INFO] Automation environment initialized successfully
[2026-03-17 09:50:55,862] [INFO] Starting Playwright...
[2026-03-17 09:50:56,872] [INFO] Navigating to login page...
[2026-03-17 09:51:03,532] [INFO] Waiting for login fields...
[2026-03-17 09:51:03,580] [INFO] Filling credentials...
[2026-03-17 09:51:03,637] [INFO] Clicking login button...
[2026-03-17 09:51:03,693] [INFO] Waiting for navigation to dashboard...
[2026-03-17 09:51:06,658] [INFO] Login successful
[2026-03-17 09:51:33,447] [INFO] Closing browser...
[2026-03-17 09:55:39,166] [INFO] Automation environment initialized successfully
[2026-03-17 09:55:39,166] [INFO] Starting Playwright...
[2026-03-17 09:55:40,080] [INFO] Navigating to login page...
[2026-03-17 09:55:46,105] [INFO] Waiting for login fields...
[2026-03-17 09:55:46,160] [INFO] Filling credentials...
[2026-03-17 09:55:46,212] [INFO] Clicking login button...
[2026-03-17 09:55:46,283] [INFO] Waiting for navigation to dashboard...
[2026-03-17 09:55:51,582] [INFO] Login successful
[2026-03-17 09:55:51,582] [INFO] Navigating to campaign dashboard...
[2026-03-17 09:55:53,152] [INFO] Campaign dashboard loaded.
[2026-03-17 09:55:53,152] [INFO] Searching for campaign: CAMP-1
[2026-03-17 09:55:53,193] [INFO] Found campaign in a table row.
[2026-03-17 09:55:53,202] [WARNING] Could not find explicit Edit button/link in row. Trying to click the row or name.
[2026-03-17 09:55:53,204] [INFO] Waiting for campaign settings page to load...
[2026-03-17 09:56:03,215] [ERROR] Error finding or opening campaign: Timeout 10000ms exceeded.
=========================== logs ===========================
waiting for navigation to "**/change/**" until 'load'
============================================================
[2026-03-17 09:56:03,217] [ERROR] An error occurred: Timeout 10000ms exceeded.
=========================== logs ===========================
waiting for navigation to "**/change/**" until 'load'
============================================================
[2026-03-17 09:56:03,217] [INFO] Closing browser...
[2026-03-17 10:09:31,840] [INFO] Automation environment initialized successfully
[2026-03-17 10:09:31,842] [INFO] Starting Playwright...
[2026-03-17 10:09:33,784] [INFO] Navigating to login page...
[2026-03-17 10:09:52,377] [INFO] Waiting for login fields...
[2026-03-17 10:09:52,431] [INFO] Filling credentials...
[2026-03-17 10:09:52,490] [INFO] Clicking login button...
[2026-03-17 10:09:52,553] [INFO] Waiting for navigation to dashboard...
[2026-03-17 10:10:02,160] [INFO] Login successful
[2026-03-17 10:10:02,160] [INFO] Navigating to campaign dashboard...
[2026-03-17 10:10:05,640] [INFO] Campaign dashboard loaded.
[2026-03-17 10:10:05,640] [INFO] Searching for campaign: CAMP-1
[2026-03-17 10:10:05,688] [INFO] Found campaign row/container.
[2026-03-17 10:10:05,693] [INFO] Found 8 buttons in the campaign row.
[2026-03-17 10:10:05,693] [INFO] Clicking button at index 4 (Edit button)...
[2026-03-17 10:10:05,754] [INFO] Waiting for campaign settings page to load...
[2026-03-17 10:10:05,757] [INFO] Campaign settings page loaded.
[2026-03-17 10:10:05,757] [INFO] Successfully opened campaign: CAMP-1
[2026-03-17 10:28:37,016] [INFO] Closing browser...
[2026-03-17 10:28:47,570] [INFO] Automation environment initialized successfully
[2026-03-17 10:28:47,570] [INFO] Starting Playwright...
[2026-03-17 10:28:49,774] [INFO] Navigating to login page...
[2026-03-17 10:28:57,604] [INFO] Waiting for login fields...
[2026-03-17 10:28:57,655] [INFO] Filling credentials...
[2026-03-17 10:28:57,717] [INFO] Clicking login button...
[2026-03-17 10:28:57,781] [INFO] Waiting for navigation to dashboard...
[2026-03-17 10:29:01,186] [INFO] Login successful
[2026-03-17 10:29:01,186] [INFO] Navigating to campaign dashboard...
[2026-03-17 10:29:02,546] [INFO] Campaign dashboard loaded.
[2026-03-17 10:29:02,547] [INFO] Searching for campaign: CAMP-1
[2026-03-17 10:29:02,591] [INFO] Found campaign row/container.
[2026-03-17 10:29:02,595] [INFO] Found 8 buttons in the campaign row.
[2026-03-17 10:29:02,595] [INFO] Clicking button at index 4 (Edit button)...
[2026-03-17 10:29:02,644] [INFO] Waiting for campaign settings page to load...
[2026-03-17 10:29:02,648] [INFO] Campaign settings page loaded.
[2026-03-17 10:29:02,648] [INFO] Successfully opened campaign: CAMP-1
[2026-03-17 10:29:02,648] [INFO] Updating target link to: https://ronoroa.z19.web.core.windows.net/
[2026-03-17 10:29:02,649] [INFO] Locating target link input field...
[2026-03-17 10:29:02,654] [WARNING] Label-based selector failed. Trying fallback: generic input index 0...
[2026-03-17 10:29:02,658] [ERROR] Error updating target link: Could not find any input field.
[2026-03-17 10:29:02,659] [ERROR] An error occurred: Could not find any input field.
[2026-03-17 10:29:02,659] [INFO] Closing browser...
[2026-03-17 10:34:18,049] [INFO] Automation environment initialized successfully
[2026-03-17 10:34:18,049] [INFO] Starting Playwright...
[2026-03-17 10:34:19,110] [INFO] Navigating to login page...
[2026-03-17 10:34:27,240] [INFO] Waiting for login fields...
[2026-03-17 10:34:27,290] [INFO] Filling credentials...
[2026-03-17 10:34:27,359] [INFO] Clicking login button...
[2026-03-17 10:34:27,416] [INFO] Waiting for navigation to dashboard...
[2026-03-17 10:34:30,721] [INFO] Login successful
[2026-03-17 10:34:30,721] [INFO] Navigating to campaign dashboard...
[2026-03-17 10:34:32,063] [INFO] Campaign dashboard loaded.
[2026-03-17 10:34:32,063] [INFO] Searching for campaign: CAMP-1
[2026-03-17 10:34:32,104] [INFO] Found campaign row/container.
[2026-03-17 10:34:32,110] [INFO] Found 8 buttons in the campaign row.
[2026-03-17 10:34:32,111] [INFO] Clicking button at index 4 (Edit button)...
[2026-03-17 10:34:32,175] [INFO] Waiting for campaign settings page to load...
[2026-03-17 10:34:32,178] [INFO] Campaign settings page loaded.
[2026-03-17 10:34:32,178] [INFO] Successfully opened campaign: CAMP-1
[2026-03-17 10:34:32,178] [INFO] Updating target link to: https://ronoroa.z19.web.core.windows.net/
[2026-03-17 10:34:32,178] [INFO] Current URL: https://next.palladium.expert/pages/campaign-page/change/573723
[2026-03-17 10:34:34,191] [INFO] Locating target link input field...
[2026-03-17 10:34:34,200] [WARNING] Strategy A Failed: No input with 'http' placeholder found.
[2026-03-17 10:34:34,207] [INFO] Strategy B Success: Found input using XPath relative to visible text.
[2026-03-17 10:34:34,207] [INFO] Input field successfully located.
[2026-03-17 10:34:34,207] [INFO] Clearing existing value...
[2026-03-17 10:34:34,299] [INFO] Entering new link: https://ronoroa.z19.web.core.windows.net/
[2026-03-17 10:34:34,323] [INFO] Locating Save button...
[2026-03-17 10:34:34,331] [INFO] Scrolling to Save button...
[2026-03-17 10:34:36,410] [INFO] Clicking Save button...
[2026-03-17 10:34:36,477] [INFO] Waiting for save confirmation and redirect...
[2026-03-17 10:34:36,872] [INFO] Link updated and saved successfully. Returned to dashboard.
[2026-03-17 10:38:46,221] [INFO] Closing browser...
[2026-03-17 10:56:36,700] [INFO] Automation bot started
[2026-03-17 10:56:36,701] [INFO] Loaded 8 links. Interval set to 10 minutes.
[2026-03-17 10:56:36,701] [INFO] Starting cycle 1/8 with link: https://ronoroa.z19.web.core.windows.net/
[2026-03-17 10:56:36,701] [INFO] Starting Playwright...
[2026-03-17 10:56:37,767] [INFO] Navigating to login page...
[2026-03-17 10:56:46,169] [INFO] Waiting for login fields...
[2026-03-17 10:56:46,235] [INFO] Filling credentials...
[2026-03-17 10:56:46,362] [INFO] Clicking login button...
[2026-03-17 10:56:46,456] [INFO] Waiting for navigation to dashboard...
[2026-03-17 10:56:49,754] [INFO] Login successful
[2026-03-17 10:56:49,756] [INFO] Navigating to campaign dashboard...
[2026-03-17 10:56:51,150] [INFO] Campaign dashboard loaded.
[2026-03-17 10:56:51,150] [INFO] Searching for campaign: CAMP-1
[2026-03-17 10:56:51,193] [INFO] Found campaign row/container.
[2026-03-17 10:56:51,198] [INFO] Found 8 buttons in the campaign row.
[2026-03-17 10:56:51,198] [INFO] Clicking button at index 4 (Edit button)...
[2026-03-17 10:56:51,252] [INFO] Waiting for campaign settings page to load...
[2026-03-17 10:56:51,256] [INFO] Campaign settings page loaded.
[2026-03-17 10:56:51,256] [INFO] Successfully opened campaign: CAMP-1
[2026-03-17 10:56:51,256] [INFO] Updating target link to: https://ronoroa.z19.web.core.windows.net/
[2026-03-17 10:56:51,257] [INFO] Current URL: https://next.palladium.expert/pages/campaign-page/change/573723
[2026-03-17 10:56:53,281] [INFO] Locating target link input field...
[2026-03-17 10:56:53,289] [WARNING] Strategy A Failed: No input with 'http' placeholder found.
[2026-03-17 10:56:53,303] [INFO] Strategy B Success: Found input using XPath relative to visible text.
[2026-03-17 10:56:53,305] [INFO] Input field successfully located.
[2026-03-17 10:56:53,305] [INFO] Clearing existing value...
[2026-03-17 10:56:53,453] [INFO] Entering new link: https://ronoroa.z19.web.core.windows.net/
[2026-03-17 10:56:53,473] [INFO] Locating Save button...
[2026-03-17 10:56:53,485] [INFO] Scrolling to Save button...
[2026-03-17 10:56:55,567] [INFO] Clicking Save button...
[2026-03-17 10:56:55,633] [INFO] Waiting for save confirmation and redirect...
[2026-03-17 10:56:56,045] [INFO] Link updated and saved successfully. Returned to dashboard.
[2026-03-17 10:56:56,045] [INFO] Cycle completed successfully
[2026-03-17 10:56:56,045] [INFO] Closing browser...
[2026-03-17 10:56:56,569] [INFO] Next update in 10 minutes...
[2026-03-17 11:06:56,571] [INFO] Starting cycle 2/8 with link: https://ronorora.z19.web.core.windows.net/
[2026-03-17 11:06:56,571] [INFO] Starting Playwright...
[2026-03-17 11:06:57,774] [INFO] Navigating to login page...
[2026-03-17 11:07:06,019] [INFO] Waiting for login fields...
[2026-03-17 11:07:06,069] [INFO] Filling credentials...
[2026-03-17 11:07:06,132] [INFO] Clicking login button...
[2026-03-17 11:07:06,206] [INFO] Waiting for navigation to dashboard...
[2026-03-17 11:07:09,805] [INFO] Login successful
[2026-03-17 11:07:09,805] [INFO] Navigating to campaign dashboard...
[2026-03-17 11:07:11,244] [INFO] Campaign dashboard loaded.
[2026-03-17 11:07:11,244] [INFO] Searching for campaign: CAMP-1
[2026-03-17 11:07:11,286] [INFO] Found campaign row/container.
[2026-03-17 11:07:11,293] [INFO] Found 8 buttons in the campaign row.
[2026-03-17 11:07:11,293] [INFO] Clicking button at index 4 (Edit button)...
[2026-03-17 11:07:11,360] [INFO] Waiting for campaign settings page to load...
[2026-03-17 11:07:11,362] [INFO] Campaign settings page loaded.
[2026-03-17 11:07:11,362] [INFO] Successfully opened campaign: CAMP-1
[2026-03-17 11:07:11,362] [INFO] Updating target link to: https://ronorora.z19.web.core.windows.net/
[2026-03-17 11:07:11,362] [INFO] Current URL: https://next.palladium.expert/pages/campaign-page/change/573723
[2026-03-17 11:07:13,375] [INFO] Locating target link input field...
[2026-03-17 11:07:13,380] [WARNING] Strategy A Failed: No input with 'http' placeholder found.
[2026-03-17 11:07:13,386] [INFO] Strategy B Success: Found input using XPath relative to visible text.
[2026-03-17 11:07:13,387] [INFO] Input field successfully located.
[2026-03-17 11:07:13,387] [INFO] Clearing existing value...
[2026-03-17 11:07:13,486] [INFO] Entering new link: https://ronorora.z19.web.core.windows.net/
[2026-03-17 11:07:13,506] [INFO] Locating Save button...
[2026-03-17 11:07:13,511] [INFO] Scrolling to Save button...
[2026-03-17 11:07:15,562] [INFO] Clicking Save button...
[2026-03-17 11:07:15,624] [INFO] Waiting for save confirmation and redirect...
[2026-03-17 11:07:16,098] [INFO] Link updated and saved successfully. Returned to dashboard.
[2026-03-17 11:07:16,098] [INFO] Cycle completed successfully
[2026-03-17 11:07:16,100] [INFO] Closing browser...
[2026-03-17 11:07:16,503] [INFO] Next update in 10 minutes...
[2026-03-17 20:33:42,415] [INFO] Starting Palladium Telegram Bot...
[2026-03-17 20:33:42,420] [ERROR] Invalid or missing TELEGRAM_BOT_TOKEN in .env file.
[2026-03-17 20:46:22,783] [INFO] Starting Palladium Telegram Bot...
[2026-03-17 20:46:23,580] [INFO] Bot is initialized and polling for updates...
[2026-03-17 20:48:26,027] [INFO] User 6838494172 (None) issued /start command.
[2026-03-17 21:00:16,040] [INFO] Starting Palladium Telegram Bot...
[2026-03-17 21:00:16,659] [INFO] Bot is initialized and polling for updates...
[2026-03-17 21:00:38,075] [INFO] User 6838494172 (None) started setup.
[2026-03-17 21:02:00,233] [INFO] User 6838494172 provided username.
[2026-03-17 21:02:13,920] [INFO] User 6838494172 provided password.
[2026-03-17 21:02:56,614] [INFO] User 6838494172 provided campaign: CAMP-1
[2026-03-17 21:04:14,421] [INFO] User 6838494172 provided 8 links.
[2026-03-17 21:11:13,785] [INFO] Starting Palladium Telegram Bot...
[2026-03-17 21:11:14,407] [INFO] Bot is initialized and polling for updates...
[2026-03-17 21:11:30,445] [INFO] User 6838494172 (None) issued /run command.
[2026-03-17 21:11:30,447] [INFO] [User 6838494172] Automation loop started.
[2026-03-17 21:11:30,449] [INFO] Started automation thread for user 6838494172
[2026-03-17 21:11:30,449] [INFO] [User 6838494172] Starting cycle with link: https://ronoroa.z19.web.core.windows.net/
[2026-03-17 21:11:30,450] [INFO] Starting Playwright...
[2026-03-17 21:11:35,223] [INFO] Navigating to login page...
[2026-03-17 21:11:43,336] [INFO] Waiting for login fields...
[2026-03-17 21:11:43,438] [INFO] Filling credentials...
[2026-03-17 21:11:43,548] [INFO] Clicking login button...
[2026-03-17 21:11:43,682] [INFO] Waiting for navigation to dashboard...
[2026-03-17 21:11:47,094] [INFO] Navigating to campaign dashboard...
[2026-03-17 21:11:48,534] [INFO] Campaign dashboard loaded.
[2026-03-17 21:11:48,536] [INFO] Searching for campaign: CAMP-1
[2026-03-17 21:11:48,621] [INFO] Found campaign row/container.
[2026-03-17 21:11:48,633] [INFO] Found 8 buttons in the campaign row.
[2026-03-17 21:11:48,633] [INFO] Clicking button at index 4 (Edit button)...
[2026-03-17 21:11:48,736] [INFO] Waiting for campaign settings page to load...
[2026-03-17 21:11:48,742] [INFO] Campaign settings page loaded.
[2026-03-17 21:11:48,744] [INFO] Updating target link to: https://ronoroa.z19.web.core.windows.net/
[2026-03-17 21:11:48,745] [INFO] Current URL: https://next.palladium.expert/pages/campaign-page/change/573723
[2026-03-17 21:11:50,765] [INFO] Locating target link input field...
[2026-03-17 21:11:50,775] [WARNING] Strategy A Failed: No input with 'http' placeholder found.
[2026-03-17 21:11:50,788] [INFO] Strategy B Success: Found input using XPath relative to visible text.
[2026-03-17 21:11:50,788] [INFO] Input field successfully located.
[2026-03-17 21:11:50,789] [INFO] Clearing existing value...
[2026-03-17 21:11:50,920] [INFO] Entering new link: https://ronoroa.z19.web.core.windows.net/
[2026-03-17 21:11:50,950] [INFO] Locating Save button...
[2026-03-17 21:11:50,960] [INFO] Scrolling to Save button...
[2026-03-17 21:11:53,026] [INFO] Clicking Save button...
[2026-03-17 21:11:53,117] [INFO] Waiting for save confirmation and redirect...
[2026-03-17 21:11:53,588] [INFO] Link updated and saved successfully. Returned to dashboard.
[2026-03-17 21:11:53,589] [INFO] [User 6838494172] Updated link successfully: https://ronoroa.z19.web.core.windows.net/
[2026-03-17 21:11:54,287] [INFO] [User 6838494172] Waiting 10 minutes before next cycle...
[2026-03-17 21:25:33,385] [INFO] [User 6838494172] Starting cycle with link: https://ronorora.z19.web.core.windows.net/
[2026-03-17 21:25:33,387] [INFO] Starting Playwright...
[2026-03-17 21:25:37,005] [INFO] Navigating to login page...
[2026-03-17 21:25:39,532] [INFO] Waiting for login fields...
[2026-03-17 21:25:39,667] [INFO] Filling credentials...
[2026-03-17 21:25:39,853] [INFO] Clicking login button...
[2026-03-17 21:25:39,970] [INFO] Waiting for navigation to dashboard...
[2026-03-17 21:25:43,431] [INFO] Navigating to campaign dashboard...
[2026-03-17 21:25:44,899] [INFO] Campaign dashboard loaded.
[2026-03-17 21:25:44,903] [INFO] Searching for campaign: CAMP-1
[2026-03-17 21:25:44,997] [INFO] Found campaign row/container.
[2026-03-17 21:25:45,010] [INFO] Found 8 buttons in the campaign row.
[2026-03-17 21:25:45,012] [INFO] Clicking button at index 4 (Edit button)...
[2026-03-17 21:25:45,139] [INFO] Waiting for campaign settings page to load...
[2026-03-17 21:25:45,166] [INFO] Campaign settings page loaded.
[2026-03-17 21:25:45,166] [INFO] Updating target link to: https://ronorora.z19.web.core.windows.net/
[2026-03-17 21:25:45,168] [INFO] Current URL: https://next.palladium.expert/pages/campaign-page/change/573723
[2026-03-17 21:25:47,200] [INFO] Locating target link input field...
[2026-03-17 21:25:47,213] [WARNING] Strategy A Failed: No input with 'http' placeholder found.
[2026-03-17 21:25:47,235] [INFO] Strategy B Success: Found input using XPath relative to visible text.
[2026-03-17 21:25:47,237] [INFO] Input field successfully located.
[2026-03-17 21:25:47,237] [INFO] Clearing existing value...
[2026-03-17 21:25:47,454] [INFO] Entering new link: https://ronorora.z19.web.core.windows.net/
[2026-03-17 21:25:47,506] [INFO] Locating Save button...
[2026-03-17 21:25:47,531] [INFO] Scrolling to Save button...
[2026-03-17 21:25:49,601] [INFO] Clicking Save button...
[2026-03-17 21:25:49,692] [INFO] Waiting for save confirmation and redirect...
[2026-03-17 21:25:50,223] [INFO] Link updated and saved successfully. Returned to dashboard.
[2026-03-17 21:25:50,224] [INFO] [User 6838494172] Updated link successfully: https://ronorora.z19.web.core.windows.net/
[2026-03-17 21:25:51,136] [INFO] [User 6838494172] Waiting 10 minutes before next cycle...
[2026-03-17 21:35:51,465] [INFO] [User 6838494172] Starting cycle with link: roonoroaone-avgthrdvcwh3a0ay.z02.azurefd.net
[2026-03-17 21:35:51,465] [INFO] Starting Playwright...
[2026-03-17 21:35:52,432] [INFO] Navigating to login page...
[2026-03-17 21:35:54,461] [INFO] Waiting for login fields...
[2026-03-17 21:35:54,498] [INFO] Filling credentials...
[2026-03-17 21:35:54,534] [INFO] Clicking login button...
[2026-03-17 21:35:54,589] [INFO] Waiting for navigation to dashboard...
[2026-03-17 21:35:57,350] [INFO] Navigating to campaign dashboard...
[2026-03-17 21:35:58,682] [INFO] Campaign dashboard loaded.
[2026-03-17 21:35:58,682] [INFO] Searching for campaign: CAMP-1
[2026-03-17 21:35:58,711] [INFO] Found campaign row/container.
[2026-03-17 21:35:58,714] [INFO] Found 8 buttons in the campaign row.
[2026-03-17 21:35:58,714] [INFO] Clicking button at index 4 (Edit button)...
[2026-03-17 21:35:58,760] [INFO] Waiting for campaign settings page to load...
[2026-03-17 21:35:58,761] [INFO] Campaign settings page loaded.
[2026-03-17 21:35:58,761] [INFO] Updating target link to: roonoroaone-avgthrdvcwh3a0ay.z02.azurefd.net
[2026-03-17 21:35:58,761] [INFO] Current URL: https://next.palladium.expert/pages/campaign-page/change/573723
[2026-03-17 21:36:00,771] [INFO] Locating target link input field...
[2026-03-17 21:36:00,778] [WARNING] Strategy A Failed: No input with 'http' placeholder found.
[2026-03-17 21:36:00,781] [INFO] Strategy B Success: Found input using XPath relative to visible text.
[2026-03-17 21:36:00,781] [INFO] Input field successfully located.
[2026-03-17 21:36:00,782] [INFO] Clearing existing value...
[2026-03-17 21:36:00,838] [INFO] Entering new link: roonoroaone-avgthrdvcwh3a0ay.z02.azurefd.net
[2026-03-17 21:36:00,847] [INFO] Locating Save button...
[2026-03-17 21:36:00,854] [INFO] Scrolling to Save button...
[2026-03-17 21:36:02,897] [INFO] Clicking Save button...
[2026-03-17 21:36:02,935] [INFO] Waiting for save confirmation and redirect...
[2026-03-17 21:36:03,431] [INFO] Link updated and saved successfully. Returned to dashboard.
[2026-03-17 21:36:03,431] [INFO] [User 6838494172] Updated link successfully: roonoroaone-avgthrdvcwh3a0ay.z02.azurefd.net
[2026-03-17 21:36:03,748] [INFO] [User 6838494172] Waiting 10 minutes before next cycle...
[2026-03-17 21:46:04,064] [INFO] [User 6838494172] Starting cycle with link: ronoroatwo-g3epd8dce9hbcpdg.z02.azurefd.net
[2026-03-17 21:46:04,065] [INFO] Starting Playwright...
[2026-03-17 21:46:05,602] [INFO] Navigating to login page...
[2026-03-17 21:46:07,660] [INFO] Waiting for login fields...
[2026-03-17 21:46:07,696] [INFO] Filling credentials...
[2026-03-17 21:46:07,731] [INFO] Clicking login button...
[2026-03-17 21:46:07,790] [INFO] Waiting for navigation to dashboard...
[2026-03-17 21:46:10,835] [INFO] Navigating to campaign dashboard...
[2026-03-17 21:46:12,221] [INFO] Campaign dashboard loaded.
[2026-03-17 21:46:12,221] [INFO] Searching for campaign: CAMP-1
[2026-03-17 21:46:12,248] [INFO] Found campaign row/container.
[2026-03-17 21:46:12,253] [INFO] Found 8 buttons in the campaign row.
[2026-03-17 21:46:12,253] [INFO] Clicking button at index 4 (Edit button)...
[2026-03-17 21:46:12,291] [INFO] Waiting for campaign settings page to load...
[2026-03-17 21:46:12,292] [INFO] Campaign settings page loaded.
[2026-03-17 21:46:12,292] [INFO] Updating target link to: ronoroatwo-g3epd8dce9hbcpdg.z02.azurefd.net
[2026-03-17 21:46:12,294] [INFO] Current URL: https://next.palladium.expert/pages/campaign-page/change/573723
[2026-03-17 21:46:14,312] [INFO] Locating target link input field...
[2026-03-17 21:46:14,322] [WARNING] Strategy A Failed: No input with 'http' placeholder found.
[2026-03-17 21:46:14,327] [INFO] Strategy B Success: Found input using XPath relative to visible text.
[2026-03-17 21:46:14,327] [INFO] Input field successfully located.
[2026-03-17 21:46:14,327] [INFO] Clearing existing value...
[2026-03-17 21:46:14,386] [INFO] Entering new link: ronoroatwo-g3epd8dce9hbcpdg.z02.azurefd.net
[2026-03-17 21:46:14,397] [INFO] Locating Save button...
[2026-03-17 21:46:14,401] [INFO] Scrolling to Save button...
[2026-03-17 21:46:16,465] [INFO] Clicking Save button...
[2026-03-17 21:46:16,502] [INFO] Waiting for save confirmation and redirect...
[2026-03-17 21:46:16,984] [INFO] Link updated and saved successfully. Returned to dashboard.
[2026-03-17 21:46:16,986] [INFO] [User 6838494172] Updated link successfully: ronoroatwo-g3epd8dce9hbcpdg.z02.azurefd.net
[2026-03-17 21:46:17,323] [INFO] [User 6838494172] Waiting 10 minutes before next cycle...
[2026-03-17 21:56:17,656] [INFO] [User 6838494172] Starting cycle with link: ronoroaone-dvc2cjd5dbhefceg.z01.azurefd.net
[2026-03-17 21:56:17,656] [INFO] Starting Playwright...
[2026-03-17 21:56:18,499] [INFO] Navigating to login page...
[2026-03-17 21:56:24,369] [INFO] Waiting for login fields...
[2026-03-17 21:56:24,402] [INFO] Filling credentials...
[2026-03-17 21:56:24,439] [INFO] Clicking login button...
[2026-03-17 21:56:24,485] [INFO] Waiting for navigation to dashboard...
[2026-03-17 21:56:27,153] [INFO] Navigating to campaign dashboard...
[2026-03-17 21:56:28,424] [INFO] Campaign dashboard loaded.
[2026-03-17 21:56:28,424] [INFO] Searching for campaign: CAMP-1
[2026-03-17 21:56:28,451] [INFO] Found campaign row/container.
[2026-03-17 21:56:28,454] [INFO] Found 8 buttons in the campaign row.
[2026-03-17 21:56:28,456] [INFO] Clicking button at index 4 (Edit button)...
[2026-03-17 21:56:28,508] [INFO] Waiting for campaign settings page to load...
[2026-03-17 21:56:28,516] [INFO] Campaign settings page loaded.
[2026-03-17 21:56:28,517] [INFO] Updating target link to: ronoroaone-dvc2cjd5dbhefceg.z01.azurefd.net
[2026-03-17 21:56:28,517] [INFO] Current URL: https://next.palladium.expert/pages/campaign-page/change/573723
[2026-03-17 21:56:30,536] [INFO] Locating target link input field...
[2026-03-17 21:56:30,544] [WARNING] Strategy A Failed: No input with 'http' placeholder found.
[2026-03-17 21:56:30,549] [INFO] Strategy B Success: Found input using XPath relative to visible text.
[2026-03-17 21:56:30,550] [INFO] Input field successfully located.
[2026-03-17 21:56:30,550] [INFO] Clearing existing value...
[2026-03-17 21:56:30,598] [INFO] Entering new link: ronoroaone-dvc2cjd5dbhefceg.z01.azurefd.net
[2026-03-17 21:56:30,607] [INFO] Locating Save button...
[2026-03-17 21:56:30,614] [INFO] Scrolling to Save button...
[2026-03-17 21:56:32,649] [INFO] Clicking Save button...
[2026-03-17 21:56:32,699] [INFO] Waiting for save confirmation and redirect...
[2026-03-17 21:56:33,099] [INFO] Link updated and saved successfully. Returned to dashboard.
[2026-03-17 21:56:33,099] [INFO] [User 6838494172] Updated link successfully: ronoroaone-dvc2cjd5dbhefceg.z01.azurefd.net
[2026-03-17 21:56:33,404] [INFO] [User 6838494172] Waiting 10 minutes before next cycle...
[2026-03-17 22:06:33,720] [INFO] [User 6838494172] Starting cycle with link: ronoroatwo-drbchhfmcshxcuet.z01.azurefd.net
[2026-03-17 22:06:33,720] [INFO] Starting Playwright...
[2026-03-17 22:06:34,891] [INFO] Navigating to login page...
[2026-03-17 22:06:36,840] [INFO] Waiting for login fields...
[2026-03-17 22:06:36,877] [INFO] Filling credentials...
[2026-03-17 22:06:36,918] [INFO] Clicking login button...
[2026-03-17 22:06:36,970] [INFO] Waiting for navigation to dashboard...
[2026-03-17 22:06:39,775] [INFO] Navigating to campaign dashboard...
[2026-03-17 22:06:41,080] [INFO] Campaign dashboard loaded.
[2026-03-17 22:06:41,081] [INFO] Searching for campaign: CAMP-1
[2026-03-17 22:06:41,110] [INFO] Found campaign row/container.
[2026-03-17 22:06:41,113] [INFO] Found 8 buttons in the campaign row.
[2026-03-17 22:06:41,113] [INFO] Clicking button at index 4 (Edit button)...
[2026-03-17 22:06:41,171] [INFO] Waiting for campaign settings page to load...
[2026-03-17 22:06:41,174] [INFO] Campaign settings page loaded.
[2026-03-17 22:06:41,174] [INFO] Updating target link to: ronoroatwo-drbchhfmcshxcuet.z01.azurefd.net
[2026-03-17 22:06:41,174] [INFO] Current URL: https://next.palladium.expert/pages/campaign-page/change/573723
[2026-03-17 22:06:43,182] [INFO] Locating target link input field...
[2026-03-17 22:06:43,187] [WARNING] Strategy A Failed: No input with 'http' placeholder found.
[2026-03-17 22:06:43,192] [INFO] Strategy B Success: Found input using XPath relative to visible text.
[2026-03-17 22:06:43,192] [INFO] Input field successfully located.
[2026-03-17 22:06:43,192] [INFO] Clearing existing value...
[2026-03-17 22:06:43,263] [INFO] Entering new link: ronoroatwo-drbchhfmcshxcuet.z01.azurefd.net
[2026-03-17 22:06:43,275] [INFO] Locating Save button...
[2026-03-17 22:06:43,282] [INFO] Scrolling to Save button...
[2026-03-17 22:06:45,333] [INFO] Clicking Save button...
[2026-03-17 22:06:45,384] [INFO] Waiting for save confirmation and redirect...
[2026-03-17 22:06:45,805] [INFO] Link updated and saved successfully. Returned to dashboard.
[2026-03-17 22:06:45,805] [INFO] [User 6838494172] Updated link successfully: ronoroatwo-drbchhfmcshxcuet.z01.azurefd.net
[2026-03-17 22:06:46,213] [INFO] [User 6838494172] Waiting 10 minutes before next cycle...
[2026-03-17 22:07:55,885] [INFO] User 6838494172 (None) issued /stop command.
[2026-03-17 22:07:56,308] [INFO] [User 6838494172] Stop flag detected during wait. Aborting wait.
[2026-03-17 22:07:56,308] [INFO] [User 6838494172] Stop flag detected. Exiting link loop.
[2026-03-17 22:07:56,308] [INFO] [User 6838494172] Automation loop terminated.
[2026-03-17 22:22:25,421] [INFO] Starting Palladium Telegram Bot...
[2026-03-17 22:22:25,803] [INFO] Bot is initialized and polling for updates...
[2026-03-17 22:22:43,722] [INFO] User 6838494172 (None) issued /run command.
[2026-03-17 22:22:43,726] [INFO] [User 6838494172] Automation loop started.
[2026-03-17 22:22:43,726] [INFO] Started automation thread for user 6838494172
[2026-03-17 22:22:43,726] [INFO] [User 6838494172] Starting cycle with link: https://ronoroa.z19.web.core.windows.net/
[2026-03-17 22:22:43,726] [INFO] Starting Playwright...
[2026-03-17 22:22:45,146] [INFO] Navigating to login page...
[2026-03-17 22:22:50,955] [INFO] Waiting for login fields...
[2026-03-17 22:22:50,987] [INFO] Filling credentials...
[2026-03-17 22:22:51,023] [INFO] Clicking login button...
[2026-03-17 22:22:51,072] [INFO] Waiting for navigation to dashboard...
[2026-03-17 22:22:53,809] [INFO] Navigating to campaign dashboard...
[2026-03-17 22:22:55,095] [INFO] Campaign dashboard loaded.
[2026-03-17 22:22:55,095] [INFO] Searching for campaign: CAMP-1
[2026-03-17 22:22:55,127] [INFO] Found campaign row/container.
[2026-03-17 22:22:55,132] [INFO] Found 8 buttons in the campaign row.
[2026-03-17 22:22:55,132] [INFO] Clicking button at index 4 (Edit button)...
[2026-03-17 22:22:55,174] [INFO] Waiting for campaign settings page to load...
[2026-03-17 22:22:55,176] [INFO] Campaign settings page loaded.
[2026-03-17 22:22:55,176] [INFO] Updating target link to: https://ronoroa.z19.web.core.windows.net/
[2026-03-17 22:22:55,176] [INFO] Current URL: https://next.palladium.expert/pages/campaign-page/change/573723
[2026-03-17 22:22:57,184] [INFO] Locating target link input field...
[2026-03-17 22:22:57,189] [WARNING] Strategy A Failed: No input with 'http' placeholder found.
[2026-03-17 22:22:57,192] [INFO] Strategy B Success: Found input using XPath relative to visible text.
[2026-03-17 22:22:57,192] [INFO] Input field successfully located.
[2026-03-17 22:22:57,192] [INFO] Clearing existing value...
[2026-03-17 22:22:57,258] [INFO] Entering new link: https://ronoroa.z19.web.core.windows.net/
[2026-03-17 22:22:57,276] [INFO] Locating Save button...
[2026-03-17 22:22:57,282] [INFO] Scrolling to Save button...
[2026-03-17 22:22:59,352] [INFO] Clicking Save button...
[2026-03-17 22:22:59,395] [INFO] Waiting for save confirmation and redirect...
[2026-03-17 22:22:59,798] [INFO] Link updated and saved successfully. Returned to dashboard.
[2026-03-17 22:22:59,798] [INFO] [User 6838494172] Updated link successfully: https://ronoroa.z19.web.core.windows.net/
[2026-03-17 22:23:00,121] [INFO] [User 6838494172] Waiting 10 minutes before next cycle...
[2026-03-17 22:23:35,332] [INFO] User 6838494172 (None) issued /status command.
[2026-03-17 22:26:30,897] [INFO] User 6838494172 (None) issued /stop command.
[2026-03-17 22:26:31,233] [INFO] [User 6838494172] Stop flag detected during wait. Aborting wait.
[2026-03-17 22:26:31,233] [INFO] [User 6838494172] Stop flag detected. Exiting link loop.
[2026-03-17 22:26:31,234] [INFO] [User 6838494172] Automation loop terminated.
[2026-03-17 22:31:54,075] [INFO] Starting Palladium Telegram Bot...
[2026-03-17 22:31:54,425] [INFO] Bot is initialized and polling for updates...
[2026-03-17 22:32:02,453] [INFO] User 6838494172 (None) issued /run command.
[2026-03-17 22:32:02,456] [INFO] [User 6838494172] Automation loop started.
[2026-03-17 22:32:02,456] [INFO] Started automation thread for user 6838494172
[2026-03-17 22:32:02,456] [INFO] [User 6838494172] Starting cycle with link: https://ronoroa.z19.web.core.windows.net/
[2026-03-17 22:32:02,456] [INFO] Starting Playwright...
[2026-03-17 22:32:03,380] [INFO] Navigating to login page...
[2026-03-17 22:32:05,542] [INFO] Waiting for login fields...
[2026-03-17 22:32:05,580] [INFO] Filling credentials...
[2026-03-17 22:32:05,621] [INFO] Clicking login button...
[2026-03-17 22:32:05,674] [INFO] Waiting for navigation to dashboard...
[2026-03-17 22:32:08,548] [INFO] Navigating to campaign dashboard...
[2026-03-17 22:32:09,899] [INFO] Campaign dashboard loaded.
[2026-03-17 22:32:09,899] [INFO] Searching for campaign: CAMP-1
[2026-03-17 22:32:09,929] [INFO] Found campaign row/container.
[2026-03-17 22:32:09,932] [INFO] Found 8 buttons in the campaign row.
[2026-03-17 22:32:09,933] [INFO] Clicking button at index 4 (Edit button)...
[2026-03-17 22:32:09,990] [INFO] Waiting for campaign settings page to load...
[2026-03-17 22:32:09,991] [INFO] Campaign settings page loaded.
[2026-03-17 22:32:09,992] [INFO] Updating target link to: https://ronoroa.z19.web.core.windows.net/
[2026-03-17 22:32:09,992] [INFO] Current URL: https://next.palladium.expert/pages/campaign-page/change/573723
[2026-03-17 22:32:12,000] [INFO] Locating target link input field...
[2026-03-17 22:32:12,007] [WARNING] Strategy A Failed: No input with 'http' placeholder found.
[2026-03-17 22:32:12,010] [INFO] Strategy B Success: Found input using XPath relative to visible text.
[2026-03-17 22:32:12,011] [INFO] Input field successfully located.
[2026-03-17 22:32:12,011] [INFO] Clearing existing value...
[2026-03-17 22:32:12,076] [INFO] Entering new link: https://ronoroa.z19.web.core.windows.net/
[2026-03-17 22:32:12,099] [INFO] Locating Save button...
[2026-03-17 22:32:12,108] [INFO] Scrolling to Save button...
[2026-03-17 22:32:14,180] [INFO] Clicking Save button...
[2026-03-17 22:32:14,216] [INFO] Waiting for save confirmation and redirect...
[2026-03-17 22:32:14,646] [INFO] Link updated and saved successfully. Returned to dashboard.
[2026-03-17 22:32:14,646] [INFO] [User 6838494172] Updated link successfully: https://ronoroa.z19.web.core.windows.net/
[2026-03-17 22:32:14,916] [INFO] [User 6838494172] Waiting 10 minutes before next cycle...
[2026-03-17 22:32:49,350] [INFO] User 6838494172 (None) issued /status command.
[2026-03-17 22:33:23,606] [INFO] User 6838494172 (None) issued /logs command.
[2026-03-17 22:33:50,967] [INFO] User 6838494172 (None) issued /stop command.
[2026-03-17 22:33:51,963] [INFO] [User 6838494172] Stop flag detected during wait. Aborting wait.
[2026-03-17 22:33:51,964] [INFO] [User 6838494172] Stop flag detected. Exiting link loop.
[2026-03-17 22:33:51,965] [INFO] [User 6838494172] Automation loop terminated.
[2026-03-17 23:01:44,548] [INFO] Starting Palladium Telegram Bot...
[2026-03-17 23:01:44,913] [INFO] Bot is initialized and polling for updates...
[2026-03-17 23:02:02,407] [INFO] User 6838494172 (None) issued /run command.
[2026-03-17 23:02:02,407] [INFO] [User 6838494172] Automation loop started.
[2026-03-17 23:02:02,407] [INFO] Started automation thread for user 6838494172
[2026-03-17 23:02:02,409] [INFO] Starting Playwright...
[2026-03-17 23:02:03,839] [INFO] Navigating to login page...
[2026-03-17 23:02:05,859] [INFO] Waiting for login fields...
[2026-03-17 23:02:05,896] [INFO] Filling credentials...
[2026-03-17 23:02:05,936] [INFO] Clicking login button...
[2026-03-17 23:02:05,983] [INFO] Waiting for navigation to dashboard...
[2026-03-17 23:02:08,854] [INFO] [User 6838494172] Starting cycle with link: https://ronoroa.z19.web.core.windows.net/
[2026-03-17 23:02:08,859] [INFO] Session is valid.
[2026-03-17 23:02:08,859] [INFO] Already on campaign dashboard.
[2026-03-17 23:02:08,859] [INFO] Searching for campaign: CAMP-1
[2026-03-17 23:02:08,879] [INFO] Found campaign row/container.
[2026-03-17 23:02:08,886] [INFO] Found 8 buttons in the campaign row.
[2026-03-17 23:02:08,886] [INFO] Clicking button at index 4 (Edit button)...
[2026-03-17 23:02:08,934] [INFO] Waiting for campaign settings page to load...
[2026-03-17 23:02:08,938] [INFO] Campaign settings page loaded.
[2026-03-17 23:02:08,939] [INFO] Updating target link to: https://ronoroa.z19.web.core.windows.net/
[2026-03-17 23:02:08,939] [INFO] Current URL: https://next.palladium.expert/pages/campaign-page/change/573723
[2026-03-17 23:02:10,953] [INFO] Locating target link input field...
[2026-03-17 23:02:10,960] [WARNING] Strategy A Failed: No input with 'http' placeholder found.
[2026-03-17 23:02:10,964] [INFO] Strategy B Success: Found input using XPath relative to visible text.
[2026-03-17 23:02:10,964] [INFO] Input field successfully located.
[2026-03-17 23:02:10,964] [INFO] Clearing existing value...
[2026-03-17 23:02:11,042] [INFO] Entering new link: https://ronoroa.z19.web.core.windows.net/
[2026-03-17 23:02:11,057] [INFO] Locating Save button...
[2026-03-17 23:02:11,063] [INFO] Scrolling to Save button...
[2026-03-17 23:02:13,116] [INFO] Clicking Save button...
[2026-03-17 23:02:13,178] [INFO] Waiting for save confirmation and redirect...
[2026-03-17 23:02:13,602] [INFO] Link updated and saved successfully. Returned to dashboard.
[2026-03-17 23:02:13,602] [INFO] [User 6838494172] Updated link successfully: https://ronoroa.z19.web.core.windows.net/
[2026-03-17 23:02:13,603] [INFO] [User 6838494172] Waiting 10 minutes before next cycle...
[2026-03-17 23:03:44,644] [INFO] User 6838494172 (None) issued /status command.
[2026-03-17 23:03:51,653] [INFO] User 6838494172 (None) issued /logs command.
[2026-03-17 23:12:13,939] [INFO] [User 6838494172] Starting cycle with link: https://ronorora.z19.web.core.windows.net/
[2026-03-17 23:12:13,945] [INFO] Session is valid.
[2026-03-17 23:12:13,945] [INFO] Already on campaign dashboard.
[2026-03-17 23:12:13,945] [INFO] Searching for campaign: CAMP-1
[2026-03-17 23:12:13,966] [INFO] Found campaign row/container.
[2026-03-17 23:12:13,972] [INFO] Found 8 buttons in the campaign row.
[2026-03-17 23:12:13,972] [INFO] Clicking button at index 4 (Edit button)...
[2026-03-17 23:12:14,058] [INFO] Waiting for campaign settings page to load...
[2026-03-17 23:12:14,059] [INFO] Campaign settings page loaded.
[2026-03-17 23:12:14,059] [INFO] Updating target link to: https://ronorora.z19.web.core.windows.net/
[2026-03-17 23:12:14,059] [INFO] Current URL: https://next.palladium.expert/pages/campaign-page/change/573723
[2026-03-17 23:12:16,077] [INFO] Locating target link input field...
[2026-03-17 23:12:16,083] [WARNING] Strategy A Failed: No input with 'http' placeholder found.
[2026-03-17 23:12:16,088] [INFO] Strategy B Success: Found input using XPath relative to visible text.
[2026-03-17 23:12:16,090] [INFO] Input field successfully located.
[2026-03-17 23:12:16,090] [INFO] Clearing existing value...
[2026-03-17 23:12:17,190] [INFO] Entering new link: https://ronorora.z19.web.core.windows.net/
[2026-03-17 23:12:17,206] [INFO] Locating Save button...
[2026-03-17 23:12:17,209] [INFO] Scrolling to Save button...
[2026-03-17 23:12:21,176] [INFO] Clicking Save button...
[2026-03-17 23:12:22,262] [INFO] Waiting for save confirmation and redirect...
[2026-03-17 23:12:22,672] [INFO] Link updated and saved successfully. Returned to dashboard.
[2026-03-17 23:12:22,672] [INFO] [User 6838494172] Updated link successfully: https://ronorora.z19.web.core.windows.net/
[2026-03-17 23:12:22,672] [INFO] [User 6838494172] Waiting 10 minutes before next cycle...
[2026-03-18 00:25:39,723] [INFO] Starting Palladium Telegram Bot...
[2026-03-18 00:25:40,058] [INFO] Bot is initialized and polling for updates...
[2026-03-18 00:30:43,560] [INFO] Starting Palladium Telegram Bot...
[2026-03-18 00:30:43,882] [INFO] Bot is initialized and polling for updates...
[2026-03-18 00:38:02,160] [INFO] Starting Palladium Telegram Bot...
[2026-03-18 00:38:02,489] [INFO] Bot is initialized and polling for updates...
[2026-03-18 00:39:52,176] [INFO] Starting Palladium Telegram Bot...
[2026-03-18 00:39:52,509] [INFO] Bot is initialized and polling for updates...
